MMOffline/build/Android_Qt_5_15_2_Clang_Multi_Abi-Debug/android-build/build/outputs/logs/manifest-merger-debug-report.txt
-- Merging decision tree log ---
manifest
ADDED from Android_Qt_5_15_2_Clang_Multi_Abi-Debug\android-build\AndroidManifest.xml:2:1-86:12
INJECTED from Android_Qt_5_15_2_Clang_Multi_Abi-Debug\android-build\AndroidManifest.xml:2:1-86:12
INJECTED from Android_Qt_5_15_2_Clang_Multi_Abi-Debug\android-build\AndroidManifest.xml:2:1-86:12
INJECTED from Android_Qt_5_15_2_Clang_Multi_Abi-Debug\android-build\AndroidManifest.xml:2:1-86:12
INJECTED from Android_Qt_5_15_2_Clang_Multi_Abi-Debug\android-build\AndroidManifest.xml:2:1-86:12
INJECTED from Android_Qt_5_15_2_Clang_Multi_Abi-Debug\android-build\AndroidManifest.xml:2:1-86:12
INJECTED from Android_Qt_5_15_2_Clang_Multi_Abi-Debug\android-build\AndroidManifest.xml:2:1-86:12
	package
		ADDED from Android_Qt_5_15_2_Clang_Multi_Abi-Debug\android-build\AndroidManifest.xml:2:11-52
		INJECTED from Android_Qt_5_15_2_Clang_Multi_Abi-Debug\android-build\AndroidManifest.xml
		INJECTED from Android_Qt_5_15_2_Clang_Multi_Abi-Debug\android-build\AndroidManifest.xml
	android:versionName
		ADDED from Android_Qt_5_15_2_Clang_Multi_Abi-Debug\android-build\AndroidManifest.xml:2:112-137
		INJECTED from Android_Qt_5_15_2_Clang_Multi_Abi-Debug\android-build\AndroidManifest.xml
		INJECTED from Android_Qt_5_15_2_Clang_Multi_Abi-Debug\android-build\AndroidManifest.xml
	xmlns:android
		ADDED from Android_Qt_5_15_2_Clang_Multi_Abi-Debug\android-build\AndroidManifest.xml:2:53-111
	android:versionCode
		ADDED from Android_Qt_5_15_2_Clang_Multi_Abi-Debug\android-build\AndroidManifest.xml:2:138-161
		INJECTED from Android_Qt_5_15_2_Clang_Multi_Abi-Debug\android-build\AndroidManifest.xml
		INJECTED from Android_Qt_5_15_2_Clang_Multi_Abi-Debug\android-build\AndroidManifest.xml
	android:installLocation
		ADDED from Android_Qt_5_15_2_Clang_Multi_Abi-Debug\android-build\AndroidManifest.xml:2:162-192
uses-permission#android.permission.INTERNET
ADDED from Android_Qt_5_15_2_Clang_Multi_Abi-Debug\android-build\AndroidManifest.xml:5:5-67
	android:name
		ADDED from Android_Qt_5_15_2_Clang_Multi_Abi-Debug\android-build\AndroidManifest.xml:5:22-64
uses-permission#android.permission.WRITE_EXTERNAL_STORAGE
ADDED from Android_Qt_5_15_2_Clang_Multi_Abi-Debug\android-build\AndroidManifest.xml:6:5-81
	android:name
		ADDED from Android_Qt_5_15_2_Clang_Multi_Abi-Debug\android-build\AndroidManifest.xml:6:22-78
uses-permission#android.permission.ACCESS_NETWORK_STATE
ADDED from Android_Qt_5_15_2_Clang_Multi_Abi-Debug\android-build\AndroidManifest.xml:7:5-79
	android:name
		ADDED from Android_Qt_5_15_2_Clang_Multi_Abi-Debug\android-build\AndroidManifest.xml:7:22-76
supports-screens
ADDED from Android_Qt_5_15_2_Clang_Multi_Abi-Debug\android-build\AndroidManifest.xml:13:5-135
	android:largeScreens
		ADDED from Android_Qt_5_15_2_Clang_Multi_Abi-Debug\android-build\AndroidManifest.xml:13:23-50
	android:smallScreens
		ADDED from Android_Qt_5_15_2_Clang_Multi_Abi-Debug\android-build\AndroidManifest.xml:13:106-133
	android:normalScreens
		ADDED from Android_Qt_5_15_2_Clang_Multi_Abi-Debug\android-build\AndroidManifest.xml:13:51-79
	android:anyDensity
		ADDED from Android_Qt_5_15_2_Clang_Multi_Abi-Debug\android-build\AndroidManifest.xml:13:80-105
application
ADDED from Android_Qt_5_15_2_Clang_Multi_Abi-Debug\android-build\AndroidManifest.xml:14:5-84:19
	android:extractNativeLibs
		ADDED from Android_Qt_5_15_2_Clang_Multi_Abi-Debug\android-build\AndroidManifest.xml:14:143-175
	android:label
		ADDED from Android_Qt_5_15_2_Clang_Multi_Abi-Debug\android-build\AndroidManifest.xml:14:117-142
	android:hardwareAccelerated
		ADDED from Android_Qt_5_15_2_Clang_Multi_Abi-Debug\android-build\AndroidManifest.xml:14:18-52
	android:name
		ADDED from Android_Qt_5_15_2_Clang_Multi_Abi-Debug\android-build\AndroidManifest.xml:14:53-116
activity#org.qtproject.qt5.android.bindings.QtActivity
ADDED from Android_Qt_5_15_2_Clang_Multi_Abi-Debug\android-build\AndroidManifest.xml:15:9-80:16
	android:screenOrientation
		ADDED from Android_Qt_5_15_2_Clang_Multi_Abi-Debug\android-build\AndroidManifest.xml:15:276-315
	android:label
		ADDED from Android_Qt_5_15_2_Clang_Multi_Abi-Debug\android-build\AndroidManifest.xml:15:250-275
	android:launchMode
		ADDED from Android_Qt_5_15_2_Clang_Multi_Abi-Debug\android-build\AndroidManifest.xml:15:316-346
	android:configChanges
		ADDED from Android_Qt_5_15_2_Clang_Multi_Abi-Debug\android-build\AndroidManifest.xml:15:19-188
	android:name
		ADDED from Android_Qt_5_15_2_Clang_Multi_Abi-Debug\android-build\AndroidManifest.xml:15:189-249
intent-filter#action:name:android.intent.action.MAIN+category:name:android.intent.category.LAUNCHER
ADDED from Android_Qt_5_15_2_Clang_Multi_Abi-Debug\android-build\AndroidManifest.xml:16:13-19:29
action#android.intent.action.MAIN
ADDED from Android_Qt_5_15_2_Clang_Multi_Abi-Debug\android-build\AndroidManifest.xml:17:17-68
	android:name
		ADDED from Android_Qt_5_15_2_Clang_Multi_Abi-Debug\android-build\AndroidManifest.xml:17:25-66
category#android.intent.category.LAUNCHER
ADDED from Android_Qt_5_15_2_Clang_Multi_Abi-Debug\android-build\AndroidManifest.xml:18:17-76
	android:name
		ADDED from Android_Qt_5_15_2_Clang_Multi_Abi-Debug\android-build\AndroidManifest.xml:18:27-74
meta-data#android.app.lib_name
ADDED from Android_Qt_5_15_2_Clang_Multi_Abi-Debug\android-build\AndroidManifest.xml:25:13-87
	android:value
		ADDED from Android_Qt_5_15_2_Clang_Multi_Abi-Debug\android-build\AndroidManifest.xml:25:60-85
	android:name
		ADDED from Android_Qt_5_15_2_Clang_Multi_Abi-Debug\android-build\AndroidManifest.xml:25:24-59
meta-data#android.app.qt_sources_resource_id
ADDED from Android_Qt_5_15_2_Clang_Multi_Abi-Debug\android-build\AndroidManifest.xml:26:13-112
	android:resource
		ADDED from Android_Qt_5_15_2_Clang_Multi_Abi-Debug\android-build\AndroidManifest.xml:26:74-110
	android:name
		ADDED from Android_Qt_5_15_2_Clang_Multi_Abi-Debug\android-build\AndroidManifest.xml:26:24-73
meta-data#android.app.repository
ADDED from Android_Qt_5_15_2_Clang_Multi_Abi-Debug\android-build\AndroidManifest.xml:27:13-87
	android:value
		ADDED from Android_Qt_5_15_2_Clang_Multi_Abi-Debug\android-build\AndroidManifest.xml:27:62-85
	android:name
		ADDED from Android_Qt_5_15_2_Clang_Multi_Abi-Debug\android-build\AndroidManifest.xml:27:24-61
meta-data#android.app.qt_libs_resource_id
ADDED from Android_Qt_5_15_2_Clang_Multi_Abi-Debug\android-build\AndroidManifest.xml:28:13-106
	android:resource
		ADDED from Android_Qt_5_15_2_Clang_Multi_Abi-Debug\android-build\AndroidManifest.xml:28:71-104
	android:name
		ADDED from Android_Qt_5_15_2_Clang_Multi_Abi-Debug\android-build\AndroidManifest.xml:28:24-70
meta-data#android.app.bundled_libs_resource_id
ADDED from Android_Qt_5_15_2_Clang_Multi_Abi-Debug\android-build\AndroidManifest.xml:29:13-116
	android:resource
		ADDED from Android_Qt_5_15_2_Clang_Multi_Abi-Debug\android-build\AndroidManifest.xml:29:76-114
	android:name
		ADDED from Android_Qt_5_15_2_Clang_Multi_Abi-Debug\android-build\AndroidManifest.xml:29:24-75
meta-data#android.app.bundle_local_qt_libs
ADDED from Android_Qt_5_15_2_Clang_Multi_Abi-Debug\android-build\AndroidManifest.xml:31:13-91
	android:value
		ADDED from Android_Qt_5_15_2_Clang_Multi_Abi-Debug\android-build\AndroidManifest.xml:31:72-89
	android:name
		ADDED from Android_Qt_5_15_2_Clang_Multi_Abi-Debug\android-build\AndroidManifest.xml:31:24-71
meta-data#android.app.use_local_qt_libs
ADDED from Android_Qt_5_15_2_Clang_Multi_Abi-Debug\android-build\AndroidManifest.xml:34:13-88
	android:value
		ADDED from Android_Qt_5_15_2_Clang_Multi_Abi-Debug\android-build\AndroidManifest.xml:34:69-86
	android:name
		ADDED from Android_Qt_5_15_2_Clang_Multi_Abi-Debug\android-build\AndroidManifest.xml:34:24-68
meta-data#android.app.libs_prefix
ADDED from Android_Qt_5_15_2_Clang_Multi_Abi-Debug\android-build\AndroidManifest.xml:35:13-100
	android:value
		ADDED from Android_Qt_5_15_2_Clang_Multi_Abi-Debug\android-build\AndroidManifest.xml:35:63-98
	android:name
		ADDED from Android_Qt_5_15_2_Clang_Multi_Abi-Debug\android-build\AndroidManifest.xml:35:24-62
meta-data#android.app.load_local_libs_resource_id
ADDED from Android_Qt_5_15_2_Clang_Multi_Abi-Debug\android-build\AndroidManifest.xml:36:13-122
	android:resource
		ADDED from Android_Qt_5_15_2_Clang_Multi_Abi-Debug\android-build\AndroidManifest.xml:36:79-120
	android:name
		ADDED from Android_Qt_5_15_2_Clang_Multi_Abi-Debug\android-build\AndroidManifest.xml:36:24-78
meta-data#android.app.load_local_jars
ADDED from Android_Qt_5_15_2_Clang_Multi_Abi-Debug\android-build\AndroidManifest.xml:37:13-126
	android:value
		ADDED from Android_Qt_5_15_2_Clang_Multi_Abi-Debug\android-build\AndroidManifest.xml:37:67-124
	android:name
		ADDED from Android_Qt_5_15_2_Clang_Multi_Abi-Debug\android-build\AndroidManifest.xml:37:24-66
meta-data#android.app.static_init_classes
ADDED from Android_Qt_5_15_2_Clang_Multi_Abi-Debug\android-build\AndroidManifest.xml:38:13-89
	android:value
		ADDED from Android_Qt_5_15_2_Clang_Multi_Abi-Debug\android-build\AndroidManifest.xml:38:71-87
	android:name
		ADDED from Android_Qt_5_15_2_Clang_Multi_Abi-Debug\android-build\AndroidManifest.xml:38:24-70
meta-data#android.app.ministro_not_found_msg
ADDED from Android_Qt_5_15_2_Clang_Multi_Abi-Debug\android-build\AndroidManifest.xml:42:13-122
	android:value
		ADDED from Android_Qt_5_15_2_Clang_Multi_Abi-Debug\android-build\AndroidManifest.xml:42:24-70
	android:name
		ADDED from Android_Qt_5_15_2_Clang_Multi_Abi-Debug\android-build\AndroidManifest.xml:42:71-120
meta-data#android.app.ministro_needed_msg
ADDED from Android_Qt_5_15_2_Clang_Multi_Abi-Debug\android-build\AndroidManifest.xml:43:13-116
	android:value
		ADDED from Android_Qt_5_15_2_Clang_Multi_Abi-Debug\android-build\AndroidManifest.xml:43:24-67
	android:name
		ADDED from Android_Qt_5_15_2_Clang_Multi_Abi-Debug\android-build\AndroidManifest.xml:43:68-114
meta-data#android.app.fatal_error_msg
ADDED from Android_Qt_5_15_2_Clang_Multi_Abi-Debug\android-build\AndroidManifest.xml:44:13-108
	android:value
		ADDED from Android_Qt_5_15_2_Clang_Multi_Abi-Debug\android-build\AndroidManifest.xml:44:24-63
	android:name
		ADDED from Android_Qt_5_15_2_Clang_Multi_Abi-Debug\android-build\AndroidManifest.xml:44:64-106
meta-data#android.app.unsupported_android_version
ADDED from Android_Qt_5_15_2_Clang_Multi_Abi-Debug\android-build\AndroidManifest.xml:45:13-132
	android:value
		ADDED from Android_Qt_5_15_2_Clang_Multi_Abi-Debug\android-build\AndroidManifest.xml:45:24-75
	android:name
		ADDED from Android_Qt_5_15_2_Clang_Multi_Abi-Debug\android-build\AndroidManifest.xml:45:76-130
meta-data#android.app.background_running
ADDED from Android_Qt_5_15_2_Clang_Multi_Abi-Debug\android-build\AndroidManifest.xml:64:13-93
	android:value
		ADDED from Android_Qt_5_15_2_Clang_Multi_Abi-Debug\android-build\AndroidManifest.xml:64:70-91
	android:name
		ADDED from Android_Qt_5_15_2_Clang_Multi_Abi-Debug\android-build\AndroidManifest.xml:64:24-69
meta-data#android.app.auto_screen_scale_factor
ADDED from Android_Qt_5_15_2_Clang_Multi_Abi-Debug\android-build\AndroidManifest.xml:68:13-99
	android:value
		ADDED from Android_Qt_5_15_2_Clang_Multi_Abi-Debug\android-build\AndroidManifest.xml:68:76-97
	android:name
		ADDED from Android_Qt_5_15_2_Clang_Multi_Abi-Debug\android-build\AndroidManifest.xml:68:24-75
meta-data#android.app.extract_android_style
ADDED from Android_Qt_5_15_2_Clang_Multi_Abi-Debug\android-build\AndroidManifest.xml:78:13-98
	android:value
		ADDED from Android_Qt_5_15_2_Clang_Multi_Abi-Debug\android-build\AndroidManifest.xml:78:73-96
	android:name
		ADDED from Android_Qt_5_15_2_Clang_Multi_Abi-Debug\android-build\AndroidManifest.xml:78:24-72
uses-sdk
INJECTED from Android_Qt_5_15_2_Clang_Multi_Abi-Debug\android-build\AndroidManifest.xml reason: use-sdk injection requested
INJECTED from Android_Qt_5_15_2_Clang_Multi_Abi-Debug\android-build\AndroidManifest.xml
INJECTED from Android_Qt_5_15_2_Clang_Multi_Abi-Debug\android-build\AndroidManifest.xml
INJECTED from Android_Qt_5_15_2_Clang_Multi_Abi-Debug\android-build\AndroidManifest.xml
INJECTED from Android_Qt_5_15_2_Clang_Multi_Abi-Debug\android-build\AndroidManifest.xml
	android:targetSdkVersion
		INJECTED from Android_Qt_5_15_2_Clang_Multi_Abi-Debug\android-build\AndroidManifest.xml
		ADDED from Android_Qt_5_15_2_Clang_Multi_Abi-Debug\android-build\AndroidManifest.xml
		INJECTED from Android_Qt_5_15_2_Clang_Multi_Abi-Debug\android-build\AndroidManifest.xml
	android:minSdkVersion
		INJECTED from Android_Qt_5_15_2_Clang_Multi_Abi-Debug\android-build\AndroidManifest.xml
		ADDED from Android_Qt_5_15_2_Clang_Multi_Abi-Debug\android-build\AndroidManifest.xml
		INJECTED from Android_Qt_5_15_2_Clang_Multi_Abi-Debug\android-build\AndroidManifest.xml